-------------------------------------------------------------------------------
Test set: test_db.TestAggiornamenti
-------------------------------------------------------------------------------
Tests run: 1, Failures: 1, Errors: 0, Skipped: 0, Time elapsed: 1.038 s <<< FAILURE! -- in test_db.TestAggiornamenti
test_db.TestAggiornamenti.test03cambiaPassword -- Time elapsed: 1.016 s <<< FAILURE!
java.lang.AssertionError: expected:<1> but was:<0>
	at org.junit.Assert.fail(Assert.java:89)
	at org.junit.Assert.failNotEquals(Assert.java:835)
	at org.junit.Assert.assertEquals(Assert.java:647)
	at org.junit.Assert.assertEquals(Assert.java:633)
	at test_db.TestAggiornamenti.test03cambiaPassword(TestAggiornamenti.java:33)
	at java.base/java.lang.reflect.Method.invoke(Method.java:568)

